app/build/outputs/logs/manifest-merger-debug-report.txt
-- Merging decision tree log ---
manifest
ADDED from src/main/AndroidManifest.xml:2:1-22:12
	package
		ADDED from src/main/AndroidManifest.xml:3:11-42
		INJECTED from src/main/AndroidManifest.xml
		INJECTED from src/main/AndroidManifest.xml
	android:versionName
		ADDED from src/main/AndroidManifest.xml:5:11-36
		INJECTED from src/main/AndroidManifest.xml
		INJECTED from src/main/AndroidManifest.xml
	android:versionCode
		ADDED from src/main/AndroidManifest.xml:4:11-34
		INJECTED from src/main/AndroidManifest.xml
		INJECTED from src/main/AndroidManifest.xml
	xmlns:android
		ADDED from src/main/AndroidManifest.xml:2:11-69
application
ADDED from src/main/AndroidManifest.xml:6:3-21:17
	android:hasCode
		ADDED from src/main/AndroidManifest.xml:11:7-30
	android:label
		ADDED from src/main/AndroidManifest.xml:10:7-39
	android:fullBackupContent
		ADDED from src/main/AndroidManifest.xml:8:7-40
	android:allowBackup
		ADDED from src/main/AndroidManifest.xml:7:7-34
	android:icon
		ADDED from src/main/AndroidManifest.xml:9:7-41
activity#android.app.NativeActivity
ADDED from src/main/AndroidManifest.xml:12:5-20:16
	android:label
		ADDED from src/main/AndroidManifest.xml:13:15-47
	android:name
		ADDED from src/main/AndroidManifest.xml:12:15-56
meta-data#android.app.lib_name
ADDED from src/main/AndroidManifest.xml:14:7-15:48
	android:value
		ADDED from src/main/AndroidManifest.xml:15:18-45
	android:name
		ADDED from src/main/AndroidManifest.xml:14:18-53
intent-filter#android.intent.action.MAIN+android.intent.category.LAUNCHER
ADDED from src/main/AndroidManifest.xml:16:7-19:23
action#android.intent.action.MAIN
ADDED from src/main/AndroidManifest.xml:17:9-61
	android:name
		ADDED from src/main/AndroidManifest.xml:17:17-58
category#android.intent.category.LAUNCHER
ADDED from src/main/AndroidManifest.xml:18:9-69
	android:name
		ADDED from src/main/AndroidManifest.xml:18:19-66
uses-sdk
INJECTED from src/main/AndroidManifest.xml reason: use-sdk injection requested
	android:targetSdkVersion
		INJECTED from src/main/AndroidManifest.xml
		INJECTED from src/main/AndroidManifest.xml
	android:minSdkVersion
		INJECTED from src/main/AndroidManifest.xml
		INJECTED from src/main/AndroidManifest.xml